2026-03-14 14:34:10 | INFO | app | GET /dashboard
2026-03-14 14:34:10 | INFO | app | GET /dashboard -> 200
2026-03-14 14:34:16 | INFO | app | GET /dashboard
2026-03-14 14:34:16 | INFO | app | GET /dashboard -> 200
2026-03-14 14:34:16 | INFO | app | GET /static/dashboard.css
2026-03-14 14:34:16 | INFO | app | GET /static/dashboard.css -> 200
2026-03-14 14:34:54 | INFO | app | POST /ui/users/
2026-03-14 14:34:54 | INFO | app | POST /ui/users/ -> 200
2026-03-14 14:34:54 | INFO | app | GET /dashboard
2026-03-14 14:34:54 | INFO | app | GET /dashboard -> 200
2026-03-14 14:35:14 | INFO | app | PUT /ui/users/EMP003
2026-03-14 14:35:14 | INFO | app | PUT /ui/users/EMP003 -> 200
2026-03-14 14:35:14 | INFO | app | GET /dashboard
2026-03-14 14:35:14 | INFO | app | GET /dashboard -> 200
2026-03-14 14:41:35 | INFO | app | GET /dashboard
2026-03-14 14:41:35 | INFO | app | GET /dashboard -> 200
2026-03-14 14:41:35 | INFO | app | GET /static/dashboard.css
2026-03-14 14:41:35 | INFO | app | GET /static/dashboard.css -> 304
2026-03-14 14:41:52 | INFO | app | GET /v1/identify
2026-03-14 14:41:52 | INFO | app | GET /v1/identify -> 405
2026-03-14 14:58:40 | INFO | app | GET /dashboard
2026-03-14 14:58:40 | INFO | app | GET /dashboard -> 200
2026-03-14 14:58:40 | INFO | app | GET /static/dashboard.css
2026-03-14 14:58:40 | INFO | app | GET /static/dashboard.css -> 200
2026-03-14 14:59:09 | INFO | app | POST /v1/enroll
2026-03-14 14:59:55 | INFO | app | GET /dashboard
2026-03-14 14:59:55 | INFO | app | GET /dashboard -> 200
2026-03-14 14:59:55 | INFO | app | GET /static/dashboard.css
2026-03-14 14:59:55 | INFO | app | GET /static/dashboard.css -> 304
2026-03-14 15:00:18 | INFO | app | POST /v1/enroll
2026-03-14 15:01:37 | INFO | app | GET /dashboard
2026-03-14 15:01:37 | INFO | app | GET /dashboard -> 200
2026-03-14 15:01:37 | INFO | app | GET /static/dashboard.css
2026-03-14 15:01:37 | INFO | app | GET /static/dashboard.css -> 304
2026-03-14 15:02:27 | INFO | app | POST /v1/enroll
2026-03-14 15:02:27 | INFO | app | POST /v1/enroll -> 200
2026-03-14 15:02:27 | INFO | app | GET /dashboard
2026-03-14 15:02:27 | INFO | app | GET /dashboard -> 200
2026-03-14 15:02:27 | INFO | app | GET /static/dashboard.css
2026-03-14 15:02:27 | INFO | app | GET /uploads/69741751_20260314150227.jpeg
2026-03-14 15:02:27 | INFO | app | GET /static/dashboard.css -> 304
2026-03-14 15:02:27 | INFO | app | GET /uploads/69741751_20260314150227.jpeg -> 200
2026-03-14 15:03:33 | INFO | app | POST /v1/enroll
2026-03-14 15:03:33 | ERROR | app | Enroll failed: No face detected
Traceback (most recent call last):
  File "D:\Workspace_python\ai_face_recognition\app\main.py", line 112, in enroll
    vector = _get_embedding_from_image(image_bytes)
             ^^^^^^^^^^^^^^^^^^^^^^^^^^^^^^^^^^^^^^
  File "D:\Workspace_python\ai_face_recognition\app\main.py", line 75, in _get_embedding_from_image
    raise ValueError("No face detected")
ValueError: No face detected
2026-03-14 15:03:33 | INFO | app | POST /v1/enroll -> 400
2026-03-14 15:03:41 | INFO | app | POST /v1/enroll
2026-03-14 15:03:41 | ERROR | app | Enroll failed: No face detected
Traceback (most recent call last):
  File "D:\Workspace_python\ai_face_recognition\app\main.py", line 112, in enroll
    vector = _get_embedding_from_image(image_bytes)
             ^^^^^^^^^^^^^^^^^^^^^^^^^^^^^^^^^^^^^^
  File "D:\Workspace_python\ai_face_recognition\app\main.py", line 75, in _get_embedding_from_image
    raise ValueError("No face detected")
ValueError: No face detected
2026-03-14 15:03:41 | INFO | app | POST /v1/enroll -> 400
2026-03-14 15:06:08 | INFO | app | POST /v1/attendance
2026-03-14 15:06:08 | INFO | app | POST /v1/attendance -> 422
2026-03-14 15:06:56 | INFO | app | POST /v1/attendance
2026-03-14 15:06:56 | INFO | app | POST /v1/attendance -> 422
2026-03-14 15:09:30 | INFO | app | POST /v1/attendance
2026-03-14 15:09:30 | INFO | app | POST /v1/attendance -> 422
2026-03-14 15:10:50 | INFO | app | POST /v1/attendance
2026-03-14 15:10:50 | INFO | app | POST /v1/attendance -> 422
2026-03-14 15:15:25 | INFO | app | POST /v1/attendance
